<<<<<<< HEAD
----------------------------------------------------------------
Sat Nov 11 15:31:34 COT 2017:
 Iniciando instancia a816c00e-015f-acc7-c5f2-00000e898140 de Derby, versión The Apache Software Foundation - Apache Derby - 10.10.2.0 - (1582446): 
en el directorio de base de datos C:\Users\ca.mendoza\AppData\Local\Temp\gfembed1738869301548140620tmp\lib\databases\embedded_default con el cargador de clases sun.misc.Launcher$AppClassLoader@6bc7c054
Cargado desde file:/C:/Users/ca.mendoza/.m2/repository/org/glassfish/main/extras/glassfish-embedded-all/4.1/glassfish-embedded-all-4.1.jar
java.vendor=Oracle Corporation
java.runtime.version=1.8.0_144-b01
user.dir=C:\Users\ca.mendoza\Desktop\Monitorias-Final-Final\s4_monitorias\monitoria-back
os.name=Windows 7
os.arch=amd64
os.version=6.1
derby.system.home=null
Cargador de clases de base de datos iniciado - derby.database.classpath=''
=======
----------------------------------------------------------------
Sat Nov 11 15:04:32 COT 2017:
 Iniciando instancia a816c00e-015f-acaf-05e0-00000aacd710 de Derby, versión The Apache Software Foundation - Apache Derby - 10.10.2.0 - (1582446): 
en el directorio de base de datos C:\Users\stive\AppData\Local\Temp\gfembed5030231805999913490tmp\lib\databases\embedded_default con el cargador de clases sun.misc.Launcher$AppClassLoader@4aa298b7
Cargado desde file:/C:/Users/stive/.m2/repository/org/glassfish/main/extras/glassfish-embedded-all/4.1/glassfish-embedded-all-4.1.jar
java.vendor=Oracle Corporation
java.runtime.version=1.8.0_131-b11
user.dir=C:\Users\stive\Documents\NetBeansProjects\s4_monitorias\monitoria-back
os.name=Windows 10
os.arch=amd64
os.version=10.0
derby.system.home=null
Cargador de clases de base de datos iniciado - derby.database.classpath=''
>>>>>>> d7abcb4da6caae5030003622c4a00777c6be07ba
