#
# There is insufficient memory for the Java Runtime Environment to continue.
# Native memory allocation (malloc) failed to allocate 1352016 bytes for Chunk::new
# Possible reasons:
#   The system is out of physical RAM or swap space
#   In 32 bit mode, the process size limit was hit
# Possible solutions:
#   Reduce memory load on the system
#   Increase physical memory or swap space
#   Check if swap backing store is full
#   Use 64 bit Java on a 64 bit OS
#   Decrease Java heap size (-Xmx/-Xms)
#   Decrease number of Java threads
#   Decrease Java thread stack sizes (-Xss)
#   Set larger code cache with -XX:ReservedCodeCacheSize=
# This output file may be truncated or incomplete.
#
#  Out of Memory Error (allocation.cpp:390), pid=5600, tid=0x00000000000017ec
#
# JRE version: Java(TM) SE Runtime Environment (8.0_144-b01) (build 1.8.0_144-b01)
# Java VM: Java HotSpot(TM) 64-Bit Server VM (25.144-b01 mixed mode windows-amd64 compressed oops)
# Failed to write core dump. Minidumps are not enabled by default on client versions of Windows
#

---------------  T H R E A D  ---------------

Current thread (0x000000001d79a800):  JavaThread "C2 CompilerThread0" daemon [_thread_in_native, id=6124, stack(0x000000001edd0000,0x000000001eed0000)]

Stack: [0x000000001edd0000,0x000000001eed0000]
[error occurred during error reporting (printing stack bounds), id 0xc0000005]

Native frames: (J=compiled Java code, j=interpreted, Vv=VM code, C=native code)


Current CompileTask:
C2:   6566 3032       4       java.net.URLClassLoader$1::run (5 bytes)


---------------  P R O C E S S  ---------------

Java Threads: ( => current thread )
  0x000000001d826800 JavaThread "Service Thread" daemon [_thread_blocked, id=5884, stack(0x000000001f310000,0x000000001f410000)]
  0x000000001d7c3000 JavaThread "C1 CompilerThread3" daemon [_thread_blocked, id=7180, stack(0x000000001f460000,0x000000001f560000)]
  0x000000001c6ef000 JavaThread "C2 CompilerThread2" daemon [_thread_blocked, id=3136, stack(0x000000001f1d0000,0x000000001f2d0000)]
  0x000000001d79f800 JavaThread "C2 CompilerThread1" daemon [_thread_blocked, id=5840, stack(0x000000001f0b0000,0x000000001f1b0000)]
=>0x000000001d79a800 JavaThread "C2 CompilerThread0" daemon [_thread_in_native, id=6124, stack(0x000000001edd0000,0x000000001eed0000)]
  0x000000001d797000 JavaThread "Attach Listener" daemon [_thread_blocked, id=6232, stack(0x000000001ef50000,0x000000001f050000)]
  0x000000001d796000 JavaThread "Signal Dispatcher" daemon [_thread_blocked, id=5164, stack(0x000000001eca0000,0x000000001eda0000)]
  0x000000001c6e1800 JavaThread "Finalizer" daemon [_thread_blocked, id=2260, stack(0x000000001ead0000,0x000000001ebd0000)]
  0x000000001c6db000 JavaThread "Reference Handler" daemon [_thread_blocked, id=4688, stack(0x000000001e8f0000,0x000000001e9f0000)]
  0x0000000001bcf000 JavaThread "main" [_thread_in_Java, id=3816, stack(0x0000000002350000,0x0000000002450000)]

Other Threads:
  0x000000001d742800 VMThread [stack: 0x000000001e770000,0x000000001e870000] [id=228]
  0x000000001d82f000 WatcherThread [stack: 0x000000001f630000,0x000000001f730000] [id=6252]

VM state:not at safepoint (normal execution)

VM Mutex/Monitor currently owned by a thread: None

Heap:
 PSYoungGen      total 76288K, used 64455K [0x000000076ab00000, 0x0000000770000000, 0x00000007c0000000)
  eden space 65536K, 83% used [0x000000076ab00000,0x000000076e0b9f50,0x000000076eb00000)
  from space 10752K, 87% used [0x000000076eb00000,0x000000076f438020,0x000000076f580000)
  to   space 10752K, 0% used [0x000000076f580000,0x000000076f580000,0x0000000770000000)
 ParOldGen       total 175104K, used 32K [0x00000006c0000000, 0x00000006cab00000, 0x000000076ab00000)
  object space 175104K, 0% used [0x00000006c0000000,0x00000006c0008000,0x00000006cab00000)
 Metaspace       used 18695K, capacity 19316K, committed 19584K, reserved 1067008K
  class space    used 2254K, capacity 2400K, committed 2432K, reserved 1048576K

Card table byte_map: [0x0000000011ae0000,0x00000000122f0000] byte_map_base: 0x000000000e4e0000

Marking Bits: (ParMarkBitMap*) 0x000000006b26d850
 Begin Bits: [0x00000000134f0000, 0x00000000174f0000)
 End Bits:   [0x00000000174f0000, 0x000000001b4f0000)

Polling page: 0x0000000001b60000

CodeCache: size=245760Kb used=11775Kb max_used=11792Kb free=233984Kb
 bounds [0x0000000002720000, 0x00000000032b0000, 0x0000000011720000]
 total_blobs=3417 nmethods=3060 adapters=270
 compilation: enabled

Compilation events (10 events):
Event: 3.964 Thread 0x000000001d7c3000 3053       3       com.sun.tools.javac.util.Name$Table::fromString (14 bytes)
Event: 3.964 Thread 0x000000001d7c3000 nmethod 3053 0x0000000003284750 code [0x00000000032848e0, 0x0000000003284d18]
Event: 3.974 Thread 0x000000001d7c3000 3056       3       com.sun.tools.javac.util.Context::uncheckedCast (2 bytes)
Event: 3.974 Thread 0x000000001d7c3000 nmethod 3056 0x0000000003284050 code [0x00000000032841a0, 0x00000000032842d0]
Event: 3.977 Thread 0x000000001d7c3000 3057       3       com.sun.tools.javac.util.Context::get (82 bytes)
Event: 3.977 Thread 0x000000001d7c3000 nmethod 3057 0x0000000003296310 code [0x0000000003296540, 0x0000000003297118]
Event: 3.993 Thread 0x000000001d7c3000 3058       3       com.sun.tools.javac.util.List::<init> (15 bytes)
Event: 3.993 Thread 0x000000001d7c3000 nmethod 3058 0x0000000003295c10 code [0x0000000003295d80, 0x0000000003295fd0]
Event: 3.998 Thread 0x000000001d79f800 3059       4       java.lang.ref.WeakReference::<init> (7 bytes)
Event: 3.999 Thread 0x000000001d79f800 nmethod 3059 0x0000000003292d10 code [0x0000000003292e40, 0x0000000003292ef8]

GC Heap History (6 events):
Event: 1.192 GC heap before
{Heap before GC invocations=1 (full 0):
 PSYoungGen      total 76288K, used 65536K [0x000000076ab00000, 0x0000000770000000, 0x00000007c0000000)
  eden space 65536K, 100% used [0x000000076ab00000,0x000000076eb00000,0x000000076eb00000)
  from space 10752K, 0% used [0x000000076f580000,0x000000076f580000,0x0000000770000000)
  to   space 10752K, 0% used [0x000000076eb00000,0x000000076eb00000,0x000000076f580000)
 ParOldGen       total 175104K, used 0K [0x00000006c0000000, 0x00000006cab00000, 0x000000076ab00000)
  object space 175104K, 0% used [0x00000006c0000000,0x00000006c0000000,0x00000006cab00000)
 Metaspace       used 12239K, capacity 12554K, committed 12928K, reserved 1060864K
  class space    used 1502K, capacity 1580K, committed 1664K, reserved 1048576K
Event: 1.202 GC heap after
Heap after GC invocations=1 (full 0):
 PSYoungGen      total 76288K, used 9700K [0x000000076ab00000, 0x0000000770000000, 0x00000007c0000000)
  eden space 65536K, 0% used [0x000000076ab00000,0x000000076ab00000,0x000000076eb00000)
  from space 10752K, 90% used [0x000000076eb00000,0x000000076f4791c8,0x000000076f580000)
  to   space 10752K, 0% used [0x000000076f580000,0x000000076f580000,0x0000000770000000)
 ParOldGen       total 175104K, used 16K [0x00000006c0000000, 0x00000006cab00000, 0x000000076ab00000)
  object space 175104K, 0% used [0x00000006c0000000,0x00000006c0004000,0x00000006cab00000)
 Metaspace       used 12239K, capacity 12554K, committed 12928K, reserved 1060864K
  class space    used 1502K, capacity 1580K, committed 1664K, reserved 1048576K
}
Event: 1.893 GC heap before
{Heap before GC invocations=2 (full 0):
 PSYoungGen      total 76288K, used 75236K [0x000000076ab00000, 0x0000000770000000, 0x00000007c0000000)
  eden space 65536K, 100% used [0x000000076ab00000,0x000000076eb00000,0x000000076eb00000)
  from space 10752K, 90% used [0x000000076eb00000,0x000000076f4791c8,0x000000076f580000)
  to   space 10752K, 0% used [0x000000076f580000,0x000000076f580000,0x0000000770000000)
 ParOldGen       total 175104K, used 16K [0x00000006c0000000, 0x00000006cab00000, 0x000000076ab00000)
  object space 175104K, 0% used [0x00000006c0000000,0x00000006c0004000,0x00000006cab00000)
 Metaspace       used 12797K, capacity 13072K, committed 13184K, reserved 1060864K
  class space    used 1530K, capacity 1620K, committed 1664K, reserved 1048576K
Event: 1.900 GC heap after
Heap after GC invocations=2 (full 0):
 PSYoungGen      total 76288K, used 6988K [0x000000076ab00000, 0x0000000770000000, 0x00000007c0000000)
  eden space 65536K, 0% used [0x000000076ab00000,0x000000076ab00000,0x000000076eb00000)
  from space 10752K, 64% used [0x000000076f580000,0x000000076fc53158,0x0000000770000000)
  to   space 10752K, 0% used [0x000000076eb00000,0x000000076eb00000,0x000000076f580000)
 ParOldGen       total 175104K, used 24K [0x00000006c0000000, 0x00000006cab00000, 0x000000076ab00000)
  object space 175104K, 0% used [0x00000006c0000000,0x00000006c0006000,0x00000006cab00000)
 Metaspace       used 12797K, capacity 13072K, committed 13184K, reserved 1060864K
  class space    used 1530K, capacity 1620K, committed 1664K, reserved 1048576K
}
Event: 2.665 GC heap before
{Heap before GC invocations=3 (full 0):
 PSYoungGen      total 76288K, used 72524K [0x000000076ab00000, 0x0000000770000000, 0x00000007c0000000)
  eden space 65536K, 100% used [0x000000076ab00000,0x000000076eb00000,0x000000076eb00000)
  from space 10752K, 64% used [0x000000076f580000,0x000000076fc53158,0x0000000770000000)
  to   space 10752K, 0% used [0x000000076eb00000,0x000000076eb00000,0x000000076f580000)
 ParOldGen       total 175104K, used 24K [0x00000006c0000000, 0x00000006cab00000, 0x000000076ab00000)
  object space 175104K, 0% used [0x00000006c0000000,0x00000006c0006000,0x00000006cab00000)
 Metaspace       used 13561K, capacity 13908K, committed 13952K, reserved 1060864K
  class space    used 1597K, capacity 1662K, committed 1664K, reserved 1048576K
Event: 2.671 GC heap after
Heap after GC invocations=3 (full 0):
 PSYoungGen      total 76288K, used 9440K [0x000000076ab00000, 0x0000000770000000, 0x00000007c0000000)
  eden space 65536K, 0% used [0x000000076ab00000,0x000000076ab00000,0x000000076eb00000)
  from space 10752K, 87% used [0x000000076eb00000,0x000000076f438020,0x000000076f580000)
  to   space 10752K, 0% used [0x000000076f580000,0x000000076f580000,0x0000000770000000)
 ParOldGen       total 175104K, used 32K [0x00000006c0000000, 0x00000006cab00000, 0x000000076ab00000)
  object space 175104K, 0% used [0x00000006c0000000,0x00000006c0008000,0x00000006cab00000)
 Metaspace       used 13561K, capacity 13908K, committed 13952K, reserved 1060864K
  class space    used 1597K, capacity 1662K, committed 1664K, reserved 1048576K
}

Deoptimization events (10 events):
Event: 2.883 Thread 0x0000000001bcf000 Uncommon trap: reason=class_check action=maybe_recompile pc=0x0000000002d27f34 method=java.util.Hashtable.addEntry(ILjava/lang/Object;Ljava/lang/Object;I)V @ 38
Event: 2.884 Thread 0x0000000001bcf000 Uncommon trap: reason=unstable_if action=reinterpret pc=0x0000000002a42a3c method=java.lang.CharacterDataLatin1.isWhitespace(I)Z @ 14
Event: 2.974 Thread 0x0000000001bcf000 Uncommon trap: reason=unstable_if action=reinterpret pc=0x0000000002c3eb18 method=java.util.LinkedHashMap.get(Ljava/lang/Object;)Ljava/lang/Object; @ 20
Event: 2.976 Thread 0x0000000001bcf000 Uncommon trap: reason=class_check action=maybe_recompile pc=0x0000000002d27f34 method=java.util.Hashtable.addEntry(ILjava/lang/Object;Ljava/lang/Object;I)V @ 38
Event: 3.523 Thread 0x0000000001bcf000 Uncommon trap: reason=bimorphic action=maybe_recompile pc=0x0000000002e89d44 method=java.util.Objects.hashCode(Ljava/lang/Object;)I @ 5
Event: 3.635 Thread 0x0000000001bcf000 Uncommon trap: reason=unstable_if action=reinterpret pc=0x000000000314fdfc method=org.sonatype.aether.util.graph.transformer.NearestVersionConflictResolver.selectVersion(Lorg/sonatype/aether/graph/DependencyNode;Lorg/sonatype/aether/graph/DependencyNode;I
Event: 3.673 Thread 0x0000000001bcf000 Uncommon trap: reason=unstable_if action=reinterpret pc=0x0000000002f10ff4 method=org.sonatype.guice.bean.locators.RankedBindings$Itr.hasNext()Z @ 60
Event: 3.675 Thread 0x0000000001bcf000 Uncommon trap: reason=unstable_if action=reinterpret pc=0x0000000002ebcbf8 method=org.sonatype.guice.bean.locators.RankedBindings$Itr.hasNext()Z @ 60
Event: 3.707 Thread 0x0000000001bcf000 Uncommon trap: reason=bimorphic action=maybe_recompile pc=0x0000000002e89d44 method=java.util.Objects.hashCode(Ljava/lang/Object;)I @ 5
Event: 3.986 Thread 0x0000000001bcf000 Uncommon trap: reason=unstable_if action=reinterpret pc=0x0000000003062288 method=java.util.regex.Pattern.sequence(Ljava/util/regex/Pattern$Node;)Ljava/util/regex/Pattern$Node; @ 201

Internal exceptions (10 events):
Event: 0.929 Thread 0x0000000001bcf000 Implicit null exception at 0x00000000028f881b to 0x00000000028f8a05
Event: 1.212 Thread 0x0000000001bcf000 Implicit null exception at 0x0000000002ad07d5 to 0x0000000002ad09d9
Event: 1.212 Thread 0x0000000001bcf000 Implicit null exception at 0x0000000002a645af to 0x0000000002a64619
Event: 1.273 Thread 0x0000000001bcf000 Implicit null exception at 0x0000000002c71779 to 0x0000000002c72929
Event: 2.238 Thread 0x0000000001bcf000 Implicit null exception at 0x0000000002aa69fb to 0x0000000002aa6fe5
Event: 2.365 Thread 0x0000000001bcf000 Exception <a 'java/lang/NoClassDefFoundError': org/slf4j/Logger> (0x000000076d0879e8) thrown at [C:\re\workspace\8-2-build-windows-amd64-cygwin\jdk8u144\9417\hotspot\src\share\vm\oops\constantPool.cpp, line 235]
Event: 3.009 Thread 0x0000000001bcf000 Exception <a 'java/lang/NoClassDefFoundError': org/slf4j/Logger> (0x000000076c062bb8) thrown at [C:\re\workspace\8-2-build-windows-amd64-cygwin\jdk8u144\9417\hotspot\src\share\vm\oops\constantPool.cpp, line 235]
Event: 3.669 Thread 0x0000000001bcf000 Exception <a 'java/lang/NoClassDefFoundError': org/slf4j/Logger> (0x000000076cd2df18) thrown at [C:\re\workspace\8-2-build-windows-amd64-cygwin\jdk8u144\9417\hotspot\src\share\vm\oops\constantPool.cpp, line 235]
Event: 3.755 Thread 0x0000000001bcf000 Exception <a 'java/lang/NoClassDefFoundError': org/slf4j/Logger> (0x000000076d2a5b28) thrown at [C:\re\workspace\8-2-build-windows-amd64-cygwin\jdk8u144\9417\hotspot\src\share\vm\oops\constantPool.cpp, line 235]
Event: 3.997 Thread 0x0000000001bcf000 Exception <a 'java/lang/OutOfMemoryError'> (0x000000076df525b8) thrown at [C:\re\workspace\8-2-build-windows-amd64-cygwin\jdk8u144\9417\hotspot\src\share\vm\prims\jni.cpp, line 735]

Events (10 events):
Event: 3.992 Executing VM operation: Deoptimize
Event: 3.992 Executing VM operation: Deoptimize done
Event: 3.998 loading class com/sun/tools/javac/resources/javac_es
Event: 3.998 loading class com/sun/tools/javac/resources/javac_es done
Event: 3.998 loading class com/sun/tools/javac/resources/javac_es_CO
Event: 3.998 loading class com/sun/tools/javac/resources/javac_es_CO done
Event: 4.000 loading class java/lang/Throwable$WrappedPrintWriter
Event: 4.000 loading class java/lang/Throwable$PrintStreamOrWriter
Event: 4.000 loading class java/lang/Throwable$PrintStreamOrWriter done
Event: 4.000 loading class java/lang/Throwable$WrappedPrintWriter done


Dynamic libraries:
0x000000013fb80000 - 0x000000013fbb7000 	C:\Program Files\Java\jdk1.8.0_144\bin\java.exe
0x0000000077c20000 - 0x0000000077dca000 	C:\Windows\SYSTEM32\ntdll.dll
0x0000000077b00000 - 0x0000000077c1f000 	C:\Windows\system32\kernel32.dll
0x000007fefdc60000 - 0x000007fefdcca000 	C:\Windows\system32\KERNELBASE.dll
0x000007feff9d0000 - 0x000007feffaab000 	C:\Windows\system32\ADVAPI32.dll
0x000007fefe380000 - 0x000007fefe41f000 	C:\Windows\system32\msvcrt.dll
0x000007feffe40000 - 0x000007feffe5f000 	C:\Windows\SYSTEM32\sechost.dll
0x000007fefe420000 - 0x000007fefe54d000 	C:\Windows\system32\RPCRT4.dll
0x0000000077a00000 - 0x0000000077afa000 	C:\Windows\system32\USER32.dll
0x000007fefe200000 - 0x000007fefe267000 	C:\Windows\system32\GDI32.dll
0x000007fefe590000 - 0x000007fefe59e000 	C:\Windows\system32\LPK.dll
0x000007feffab0000 - 0x000007feffb7b000 	C:\Windows\system32\USP10.dll
0x000007fefc310000 - 0x000007fefc504000 	C:\Windows\WinSxS\amd64_microsoft.windows.common-controls_6595b64144ccf1df_6.0.7601.18837_none_fa3b1e3d17594757\COMCTL32.dll
0x000007feffeb0000 - 0x000007fefff21000 	C:\Windows\system32\SHLWAPI.dll
0x000007fefe560000 - 0x000007fefe58e000 	C:\Windows\system32\IMM32.DLL
0x000007fefe270000 - 0x000007fefe379000 	C:\Windows\system32\MSCTF.dll
0x000000006dbd0000 - 0x000000006dca2000 	C:\Program Files\Java\jdk1.8.0_144\jre\bin\msvcr100.dll
0x000000006aa50000 - 0x000000006b2ed000 	C:\Program Files\Java\jdk1.8.0_144\jre\bin\server\jvm.dll
0x000007fef5dc0000 - 0x000007fef5dc9000 	C:\Windows\system32\WSOCK32.dll
0x000007feffe60000 - 0x000007feffead000 	C:\Windows\system32\WS2_32.dll
0x000007fefe550000 - 0x000007fefe558000 	C:\Windows\system32\NSI.dll
0x000007fefb910000 - 0x000007fefb94b000 	C:\Windows\system32\WINMM.dll
0x000007fefc9d0000 - 0x000007fefc9dc000 	C:\Windows\system32\VERSION.dll
0x0000000077de0000 - 0x0000000077de7000 	C:\Windows\system32\PSAPI.DLL
0x00000000753b0000 - 0x00000000753bf000 	C:\Program Files\Java\jdk1.8.0_144\jre\bin\verify.dll
0x0000000075380000 - 0x00000000753a9000 	C:\Program Files\Java\jdk1.8.0_144\jre\bin\java.dll
0x0000000075300000 - 0x0000000075316000 	C:\Program Files\Java\jdk1.8.0_144\jre\bin\zip.dll
0x000007fefec40000 - 0x000007feff9cb000 	C:\Windows\system32\SHELL32.dll
0x000007fefe000000 - 0x000007fefe1fc000 	C:\Windows\system32\ole32.dll
0x000007fefd910000 - 0x000007fefd91f000 	C:\Windows\system32\profapi.dll
0x000007fefd7c0000 - 0x000007fefd817000 	C:\Windows\system32\apphelp.dll
0x0000000075320000 - 0x000000007533a000 	C:\Program Files\Java\jdk1.8.0_144\jre\bin\net.dll
0x000007fefd0a0000 - 0x000007fefd0f5000 	C:\Windows\system32\mswsock.dll
0x000007fefd090000 - 0x000007fefd097000 	C:\Windows\System32\wship6.dll
0x0000000075250000 - 0x0000000075261000 	C:\Program Files\Java\jdk1.8.0_144\jre\bin\nio.dll

VM Arguments:
jvm_args: -Dclassworlds.conf=C:\Program Files\NetBeans 8.2\java\maven\bin\m2.conf -Dmaven.home=C:\Program Files\NetBeans 8.2\java\maven 
java_command: org.codehaus.plexus.classworlds.launcher.Launcher -DskipTests=true -Dmaven.ext.class.path=C:\Program Files\NetBeans 8.2\java\maven-nblib\netbeans-eventspy.jar -Dfile.encoding=UTF-8 clean install
java_class_path (initial): C:\Program Files\NetBeans 8.2\java\maven\boot\plexus-classworlds-2.4.jar
Launcher Type: SUN_STANDARD

Environment Variables:
JAVA_HOME=C:\Program Files\Java\jdk1.8.0_144
PATH=C:\ProgramData\Oracle\Java\javapath;C:\Windows\system32;C:\Windows;C:\Windows\System32\Wbem;C:\Windows\System32\WindowsPowerShell\v1.0\;C:\Program Files\Git\cmd;C:\Program Files\nodejs\
USERNAME=mf.mena
OS=Windows_NT
PROCESSOR_IDENTIFIER=Intel64 Family 6 Model 26 Stepping 4, GenuineIntel



---------------  S Y S T E M  ---------------

OS: Windows 7 , 64 bit Build 7601 (6.1.7601.23807)

CPU:total 8 (initial active 8) (4 cores per cpu, 1 threads per core) family 6 model 26 stepping 4, cmov, cx8, fxsr, mmx, sse, sse2, sse3, ssse3, sse4.1, sse4.2, popcnt, tsc, tscinvbit, tscinv

Memory: 4k page, physical 16776628k(1187920k free), swap 67104652k(54572k free)

vm_info: Java HotSpot(TM) 64-Bit Server VM (25.144-b01) for windows-amd64 JRE (1.8.0_144-b01), built on Jul 21 2017 21:57:33 by "java_re" with MS VC++ 10.0 (VS2010)

time: Sat Nov 11 14:05:39 2017
elapsed time: 6 seconds (0d 0h 0m 6s)

