#
# There is insufficient memory for the Java Runtime Environment to continue.
# Native memory allocation (malloc) failed to allocate 1142736 bytes for Chunk::new
# Possible reasons:
#   The system is out of physical RAM or swap space
#   In 32 bit mode, the process size limit was hit
# Possible solutions:
#   Reduce memory load on the system
#   Increase physical memory or swap space
#   Check if swap backing store is full
#   Use 64 bit Java on a 64 bit OS
#   Decrease Java heap size (-Xmx/-Xms)
#   Decrease number of Java threads
#   Decrease Java thread stack sizes (-Xss)
#   Set larger code cache with -XX:ReservedCodeCacheSize=
# This output file may be truncated or incomplete.
#
#  Out of Memory Error (allocation.cpp:390), pid=7360, tid=0x0000000000001170
#
# JRE version: Java(TM) SE Runtime Environment (8.0_144-b01) (build 1.8.0_144-b01)
# Java VM: Java HotSpot(TM) 64-Bit Server VM (25.144-b01 mixed mode windows-amd64 compressed oops)
# Failed to write core dump. Minidumps are not enabled by default on client versions of Windows
#

---------------  T H R E A D  ---------------

Current thread (0x000000001d68e800):  JavaThread "C2 CompilerThread1" daemon [_thread_in_native, id=4464, stack(0x000000001f030000,0x000000001f130000)]

Stack: [0x000000001f030000,0x000000001f130000]
[error occurred during error reporting (printing stack bounds), id 0xc0000005]

Native frames: (J=compiled Java code, j=interpreted, Vv=VM code, C=native code)


Current CompileTask:
C2:   3907 2929       4       org.sonatype.guice.plexus.locators.DefaultPlexusBeans$Itr::next (5 bytes)


---------------  P R O C E S S  ---------------

Java Threads: ( => current thread )
  0x000000001d726800 JavaThread "Service Thread" daemon [_thread_blocked, id=6992, stack(0x000000001f580000,0x000000001f680000)]
  0x000000001d6bb000 JavaThread "C1 CompilerThread3" daemon [_thread_blocked, id=7452, stack(0x000000001f3b0000,0x000000001f4b0000)]
  0x000000001d698000 JavaThread "C2 CompilerThread2" daemon [_thread_in_native, id=1784, stack(0x000000001f1b0000,0x000000001f2b0000)]
=>0x000000001d68e800 JavaThread "C2 CompilerThread1" daemon [_thread_in_native, id=4464, stack(0x000000001f030000,0x000000001f130000)]
  0x000000001d689000 JavaThread "C2 CompilerThread0" daemon [_thread_in_native, id=4412, stack(0x000000001ee30000,0x000000001ef30000)]
  0x000000001d685800 JavaThread "Attach Listener" daemon [_thread_blocked, id=4200, stack(0x000000001ebe0000,0x000000001ece0000)]
  0x000000001d684000 JavaThread "Signal Dispatcher" daemon [_thread_blocked, id=6212, stack(0x000000001ead0000,0x000000001ebd0000)]
  0x000000001c4c1000 JavaThread "Finalizer" daemon [_thread_blocked, id=6652, stack(0x000000001e910000,0x000000001ea10000)]
  0x000000001c4b9800 JavaThread "Reference Handler" daemon [_thread_blocked, id=6060, stack(0x000000001e7f0000,0x000000001e8f0000)]
  0x00000000001df000 JavaThread "main" [_thread_in_vm, id=6284, stack(0x0000000002400000,0x0000000002500000)]

Other Threads:
  0x000000001c4b0800 VMThread [stack: 0x000000001e670000,0x000000001e770000] [id=7324]
  0x000000001d712000 WatcherThread [stack: 0x000000001ecf0000,0x000000001edf0000] [id=4524]

VM state:not at safepoint (normal execution)

VM Mutex/Monitor currently owned by a thread: None

Heap:
 PSYoungGen      total 76288K, used 56122K [0x000000076ab00000, 0x0000000770000000, 0x00000007c0000000)
  eden space 65536K, 71% used [0x000000076ab00000,0x000000076d8a6870,0x000000076eb00000)
  from space 10752K, 87% used [0x000000076eb00000,0x000000076f428020,0x000000076f580000)
  to   space 10752K, 0% used [0x000000076f580000,0x000000076f580000,0x0000000770000000)
 ParOldGen       total 175104K, used 32K [0x00000006c0000000, 0x00000006cab00000, 0x000000076ab00000)
  object space 175104K, 0% used [0x00000006c0000000,0x00000006c0008000,0x00000006cab00000)
 Metaspace       used 15494K, capacity 16020K, committed 16256K, reserved 1062912K
  class space    used 1809K, capacity 1920K, committed 1920K, reserved 1048576K

Card table byte_map: [0x0000000011b90000,0x00000000123a0000] byte_map_base: 0x000000000e590000

Marking Bits: (ParMarkBitMap*) 0x000000006b26d850
 Begin Bits: [0x00000000132d0000, 0x00000000172d0000)
 End Bits:   [0x00000000172d0000, 0x000000001b2d0000)

Polling page: 0x00000000001c0000

CodeCache: size=245760Kb used=11436Kb max_used=11436Kb free=234323Kb
 bounds [0x00000000027d0000, 0x0000000003310000, 0x00000000117d0000]
 total_blobs=3336 nmethods=2999 adapters=250
 compilation: enabled

Compilation events (10 events):
Event: 3.860 Thread 0x000000001d6bb000 3002       3       org.codehaus.plexus.util.SelectorUtils::matchAntPathPattern (566 bytes)
Event: 3.862 Thread 0x000000001d6bb000 nmethod 3002 0x00000000032ff290 code [0x00000000032ff680, 0x0000000003301fc8]
Event: 3.865 Thread 0x000000001d6bb000 3003       3       org.codehaus.plexus.util.SelectorUtils::equals (37 bytes)
Event: 3.865 Thread 0x000000001d6bb000 nmethod 3003 0x00000000032f2250 code [0x00000000032f23e0, 0x00000000032f26f8]
Event: 3.886 Thread 0x000000001d6bb000 3005       1       java.nio.Buffer::remaining (10 bytes)
Event: 3.886 Thread 0x000000001d6bb000 nmethod 3005 0x00000000032f1f90 code [0x00000000032f20e0, 0x00000000032f21f0]
Event: 3.898 Thread 0x000000001d6bb000 3006       3       java.lang.ClassLoader::compareCerts (149 bytes)
Event: 3.899 Thread 0x000000001d6bb000 nmethod 3006 0x00000000032f1190 code [0x00000000032f1360, 0x00000000032f1bf8]
Event: 3.902 Thread 0x000000001d6bb000 3007       3       java.lang.Enum::<init> (15 bytes)
Event: 3.902 Thread 0x000000001d6bb000 nmethod 3007 0x0000000003303c50 code [0x0000000003303da0, 0x0000000003303f70]

GC Heap History (6 events):
Event: 1.231 GC heap before
{Heap before GC invocations=1 (full 0):
 PSYoungGen      total 76288K, used 65536K [0x000000076ab00000, 0x0000000770000000, 0x00000007c0000000)
  eden space 65536K, 100% used [0x000000076ab00000,0x000000076eb00000,0x000000076eb00000)
  from space 10752K, 0% used [0x000000076f580000,0x000000076f580000,0x0000000770000000)
  to   space 10752K, 0% used [0x000000076eb00000,0x000000076eb00000,0x000000076f580000)
 ParOldGen       total 175104K, used 0K [0x00000006c0000000, 0x00000006cab00000, 0x000000076ab00000)
  object space 175104K, 0% used [0x00000006c0000000,0x00000006c0000000,0x00000006cab00000)
 Metaspace       used 12248K, capacity 12554K, committed 12928K, reserved 1060864K
  class space    used 1503K, capacity 1580K, committed 1664K, reserved 1048576K
Event: 1.241 GC heap after
Heap after GC invocations=1 (full 0):
 PSYoungGen      total 76288K, used 9834K [0x000000076ab00000, 0x0000000770000000, 0x00000007c0000000)
  eden space 65536K, 0% used [0x000000076ab00000,0x000000076ab00000,0x000000076eb00000)
  from space 10752K, 91% used [0x000000076eb00000,0x000000076f49a998,0x000000076f580000)
  to   space 10752K, 0% used [0x000000076f580000,0x000000076f580000,0x0000000770000000)
 ParOldGen       total 175104K, used 16K [0x00000006c0000000, 0x00000006cab00000, 0x000000076ab00000)
  object space 175104K, 0% used [0x00000006c0000000,0x00000006c0004000,0x00000006cab00000)
 Metaspace       used 12248K, capacity 12554K, committed 12928K, reserved 1060864K
  class space    used 1503K, capacity 1580K, committed 1664K, reserved 1048576K
}
Event: 1.875 GC heap before
{Heap before GC invocations=2 (full 0):
 PSYoungGen      total 76288K, used 75370K [0x000000076ab00000, 0x0000000770000000, 0x00000007c0000000)
  eden space 65536K, 100% used [0x000000076ab00000,0x000000076eb00000,0x000000076eb00000)
  from space 10752K, 91% used [0x000000076eb00000,0x000000076f49a998,0x000000076f580000)
  to   space 10752K, 0% used [0x000000076f580000,0x000000076f580000,0x0000000770000000)
 ParOldGen       total 175104K, used 16K [0x00000006c0000000, 0x00000006cab00000, 0x000000076ab00000)
  object space 175104K, 0% used [0x00000006c0000000,0x00000006c0004000,0x00000006cab00000)
 Metaspace       used 12796K, capacity 13072K, committed 13184K, reserved 1060864K
  class space    used 1530K, capacity 1620K, committed 1664K, reserved 1048576K
Event: 1.893 GC heap after
Heap after GC invocations=2 (full 0):
 PSYoungGen      total 76288K, used 6876K [0x000000076ab00000, 0x0000000770000000, 0x00000007c0000000)
  eden space 65536K, 0% used [0x000000076ab00000,0x000000076ab00000,0x000000076eb00000)
  from space 10752K, 63% used [0x000000076f580000,0x000000076fc37168,0x0000000770000000)
  to   space 10752K, 0% used [0x000000076eb00000,0x000000076eb00000,0x000000076f580000)
 ParOldGen       total 175104K, used 24K [0x00000006c0000000, 0x00000006cab00000, 0x000000076ab00000)
  object space 175104K, 0% used [0x00000006c0000000,0x00000006c0006000,0x00000006cab00000)
 Metaspace       used 12796K, capacity 13072K, committed 13184K, reserved 1060864K
  class space    used 1530K, capacity 1620K, committed 1664K, reserved 1048576K
}
Event: 2.696 GC heap before
{Heap before GC invocations=3 (full 0):
 PSYoungGen      total 76288K, used 72412K [0x000000076ab00000, 0x0000000770000000, 0x00000007c0000000)
  eden space 65536K, 100% used [0x000000076ab00000,0x000000076eb00000,0x000000076eb00000)
  from space 10752K, 63% used [0x000000076f580000,0x000000076fc37168,0x0000000770000000)
  to   space 10752K, 0% used [0x000000076eb00000,0x000000076eb00000,0x000000076f580000)
 ParOldGen       total 175104K, used 24K [0x00000006c0000000, 0x00000006cab00000, 0x000000076ab00000)
  object space 175104K, 0% used [0x00000006c0000000,0x00000006c0006000,0x00000006cab00000)
 Metaspace       used 13559K, capacity 13908K, committed 13952K, reserved 1060864K
  class space    used 1598K, capacity 1662K, committed 1664K, reserved 1048576K
Event: 2.702 GC heap after
Heap after GC invocations=3 (full 0):
 PSYoungGen      total 76288K, used 9376K [0x000000076ab00000, 0x0000000770000000, 0x00000007c0000000)
  eden space 65536K, 0% used [0x000000076ab00000,0x000000076ab00000,0x000000076eb00000)
  from space 10752K, 87% used [0x000000076eb00000,0x000000076f428020,0x000000076f580000)
  to   space 10752K, 0% used [0x000000076f580000,0x000000076f580000,0x0000000770000000)
 ParOldGen       total 175104K, used 32K [0x00000006c0000000, 0x00000006cab00000, 0x000000076ab00000)
  object space 175104K, 0% used [0x00000006c0000000,0x00000006c0008000,0x00000006cab00000)
 Metaspace       used 13559K, capacity 13908K, committed 13952K, reserved 1060864K
  class space    used 1598K, capacity 1662K, committed 1664K, reserved 1048576K
}

Deoptimization events (10 events):
Event: 2.925 Thread 0x00000000001df000 Uncommon trap: reason=class_check action=maybe_recompile pc=0x0000000002dcd148 method=java.util.Hashtable.put(Ljava/lang/Object;Ljava/lang/Object;)Ljava/lang/Object; @ 18
Event: 2.925 Thread 0x00000000001df000 Uncommon trap: reason=class_check action=maybe_recompile pc=0x0000000002dc4350 method=java.util.Hashtable.get(Ljava/lang/Object;)Ljava/lang/Object; @ 6
Event: 2.926 Thread 0x00000000001df000 Uncommon trap: reason=class_check action=maybe_recompile pc=0x0000000002dc4350 method=java.util.Hashtable.get(Ljava/lang/Object;)Ljava/lang/Object; @ 6
Event: 2.927 Thread 0x00000000001df000 Uncommon trap: reason=class_check action=maybe_recompile pc=0x0000000002dc4350 method=java.util.Hashtable.get(Ljava/lang/Object;)Ljava/lang/Object; @ 6
Event: 2.927 Thread 0x00000000001df000 Uncommon trap: reason=class_check action=maybe_recompile pc=0x0000000002dc4350 method=java.util.Hashtable.get(Ljava/lang/Object;)Ljava/lang/Object; @ 6
Event: 2.928 Thread 0x00000000001df000 Uncommon trap: reason=unstable_if action=reinterpret pc=0x0000000002aecefc method=java.lang.CharacterDataLatin1.isWhitespace(I)Z @ 14
Event: 3.026 Thread 0x00000000001df000 Uncommon trap: reason=unstable_if action=reinterpret pc=0x0000000002c8b30c method=java.util.LinkedHashMap.get(Ljava/lang/Object;)Ljava/lang/Object; @ 20
Event: 3.575 Thread 0x00000000001df000 Uncommon trap: reason=bimorphic action=maybe_recompile pc=0x0000000002f78d04 method=java.util.Objects.hashCode(Ljava/lang/Object;)I @ 5
Event: 3.741 Thread 0x00000000001df000 Uncommon trap: reason=unstable_if action=reinterpret pc=0x0000000002f231b8 method=org.sonatype.guice.bean.locators.RankedBindings$Itr.hasNext()Z @ 60
Event: 3.779 Thread 0x00000000001df000 Uncommon trap: reason=bimorphic action=maybe_recompile pc=0x0000000002f78d04 method=java.util.Objects.hashCode(Ljava/lang/Object;)I @ 5

Internal exceptions (10 events):
Event: 0.696 Thread 0x00000000001df000 Exception <a 'java/lang/NoClassDefFoundError'> (0x000000076cd188e8) thrown at [C:\re\workspace\8-2-build-windows-amd64-cygwin\jdk8u144\9417\hotspot\src\share\vm\oops\instanceKlass.cpp, line 964]
Event: 0.955 Thread 0x00000000001df000 Implicit null exception at 0x00000000029a5adb to 0x00000000029a5cc5
Event: 1.247 Thread 0x00000000001df000 Implicit null exception at 0x0000000002b7bbd5 to 0x0000000002b7bdd9
Event: 1.248 Thread 0x00000000001df000 Implicit null exception at 0x0000000002ab05ef to 0x0000000002ab0659
Event: 1.294 Thread 0x00000000001df000 Implicit null exception at 0x0000000002d0fb7c to 0x0000000002d10d45
Event: 2.219 Thread 0x00000000001df000 Implicit null exception at 0x0000000002b51ffb to 0x0000000002b525e1
Event: 2.374 Thread 0x00000000001df000 Exception <a 'java/lang/NoClassDefFoundError': org/slf4j/Logger> (0x000000076d16b748) thrown at [C:\re\workspace\8-2-build-windows-amd64-cygwin\jdk8u144\9417\hotspot\src\share\vm\oops\constantPool.cpp, line 235]
Event: 3.062 Thread 0x00000000001df000 Exception <a 'java/lang/NoClassDefFoundError': org/slf4j/Logger> (0x000000076c1750f0) thrown at [C:\re\workspace\8-2-build-windows-amd64-cygwin\jdk8u144\9417\hotspot\src\share\vm\oops\constantPool.cpp, line 235]
Event: 3.737 Thread 0x00000000001df000 Exception <a 'java/lang/NoClassDefFoundError': org/slf4j/Logger> (0x000000076ce78570) thrown at [C:\re\workspace\8-2-build-windows-amd64-cygwin\jdk8u144\9417\hotspot\src\share\vm\oops\constantPool.cpp, line 235]
Event: 3.830 Thread 0x00000000001df000 Exception <a 'java/lang/NoClassDefFoundError': org/slf4j/Logger> (0x000000076d3fd0e8) thrown at [C:\re\workspace\8-2-build-windows-amd64-cygwin\jdk8u144\9417\hotspot\src\share\vm\oops\constantPool.cpp, line 235]

Events (10 events):
Event: 3.903 loading class javax/tools/StandardJavaFileManager
Event: 3.903 loading class javax/tools/JavaFileManager
Event: 3.903 loading class javax/tools/OptionChecker
Event: 3.903 loading class javax/tools/OptionChecker done
Event: 3.903 loading class javax/tools/JavaFileManager done
Event: 3.903 loading class javax/tools/StandardJavaFileManager done
Event: 3.904 loading class java/nio/charset/IllegalCharsetNameException
Event: 3.904 loading class java/nio/charset/IllegalCharsetNameException done
Event: 3.904 loading class java/nio/charset/UnsupportedCharsetException
Event: 3.904 loading class java/nio/charset/UnsupportedCharsetException done


Dynamic libraries:
0x000000013f190000 - 0x000000013f1c7000 	C:\Program Files\Java\jdk1.8.0_144\bin\java.exe
0x0000000077c20000 - 0x0000000077dca000 	C:\Windows\SYSTEM32\ntdll.dll
0x0000000077b00000 - 0x0000000077c1f000 	C:\Windows\system32\kernel32.dll
0x000007fefdc60000 - 0x000007fefdcca000 	C:\Windows\system32\KERNELBASE.dll
0x000007feff9d0000 - 0x000007feffaab000 	C:\Windows\system32\ADVAPI32.dll
0x000007fefe380000 - 0x000007fefe41f000 	C:\Windows\system32\msvcrt.dll
0x000007feffe40000 - 0x000007feffe5f000 	C:\Windows\SYSTEM32\sechost.dll
0x000007fefe420000 - 0x000007fefe54d000 	C:\Windows\system32\RPCRT4.dll
0x0000000077a00000 - 0x0000000077afa000 	C:\Windows\system32\USER32.dll
0x000007fefe200000 - 0x000007fefe267000 	C:\Windows\system32\GDI32.dll
0x000007fefe590000 - 0x000007fefe59e000 	C:\Windows\system32\LPK.dll
0x000007feffab0000 - 0x000007feffb7b000 	C:\Windows\system32\USP10.dll
0x000007fefc310000 - 0x000007fefc504000 	C:\Windows\WinSxS\amd64_microsoft.windows.common-controls_6595b64144ccf1df_6.0.7601.18837_none_fa3b1e3d17594757\COMCTL32.dll
0x000007feffeb0000 - 0x000007fefff21000 	C:\Windows\system32\SHLWAPI.dll
0x000007fefe560000 - 0x000007fefe58e000 	C:\Windows\system32\IMM32.DLL
0x000007fefe270000 - 0x000007fefe379000 	C:\Windows\system32\MSCTF.dll
0x000000006dbd0000 - 0x000000006dca2000 	C:\Program Files\Java\jdk1.8.0_144\jre\bin\msvcr100.dll
0x000000006aa50000 - 0x000000006b2ed000 	C:\Program Files\Java\jdk1.8.0_144\jre\bin\server\jvm.dll
0x000007fef5dc0000 - 0x000007fef5dc9000 	C:\Windows\system32\WSOCK32.dll
0x000007feffe60000 - 0x000007feffead000 	C:\Windows\system32\WS2_32.dll
0x000007fefe550000 - 0x000007fefe558000 	C:\Windows\system32\NSI.dll
0x000007fefb910000 - 0x000007fefb94b000 	C:\Windows\system32\WINMM.dll
0x000007fefc9d0000 - 0x000007fefc9dc000 	C:\Windows\system32\VERSION.dll
0x0000000077de0000 - 0x0000000077de7000 	C:\Windows\system32\PSAPI.DLL
0x00000000753b0000 - 0x00000000753bf000 	C:\Program Files\Java\jdk1.8.0_144\jre\bin\verify.dll
0x0000000075380000 - 0x00000000753a9000 	C:\Program Files\Java\jdk1.8.0_144\jre\bin\java.dll
0x0000000075300000 - 0x0000000075316000 	C:\Program Files\Java\jdk1.8.0_144\jre\bin\zip.dll
0x000007fefec40000 - 0x000007feff9cb000 	C:\Windows\system32\SHELL32.dll
0x000007fefe000000 - 0x000007fefe1fc000 	C:\Windows\system32\ole32.dll
0x000007fefd910000 - 0x000007fefd91f000 	C:\Windows\system32\profapi.dll
0x000007fefd7c0000 - 0x000007fefd817000 	C:\Windows\system32\apphelp.dll
0x0000000075320000 - 0x000000007533a000 	C:\Program Files\Java\jdk1.8.0_144\jre\bin\net.dll
0x000007fefd0a0000 - 0x000007fefd0f5000 	C:\Windows\system32\mswsock.dll
0x000007fefd090000 - 0x000007fefd097000 	C:\Windows\System32\wship6.dll
0x0000000075250000 - 0x0000000075261000 	C:\Program Files\Java\jdk1.8.0_144\jre\bin\nio.dll

VM Arguments:
jvm_args: -Dclassworlds.conf=C:\Program Files\NetBeans 8.2\java\maven\bin\m2.conf -Dmaven.home=C:\Program Files\NetBeans 8.2\java\maven 
java_command: org.codehaus.plexus.classworlds.launcher.Launcher -DskipTests=true -Dmaven.ext.class.path=C:\Program Files\NetBeans 8.2\java\maven-nblib\netbeans-eventspy.jar -Dfile.encoding=UTF-8 clean install
java_class_path (initial): C:\Program Files\NetBeans 8.2\java\maven\boot\plexus-classworlds-2.4.jar
Launcher Type: SUN_STANDARD

Environment Variables:
JAVA_HOME=C:\Program Files\Java\jdk1.8.0_144
PATH=C:\ProgramData\Oracle\Java\javapath;C:\Windows\system32;C:\Windows;C:\Windows\System32\Wbem;C:\Windows\System32\WindowsPowerShell\v1.0\;C:\Program Files\Git\cmd;C:\Program Files\nodejs\
USERNAME=mf.mena
OS=Windows_NT
PROCESSOR_IDENTIFIER=Intel64 Family 6 Model 26 Stepping 4, GenuineIntel



---------------  S Y S T E M  ---------------

OS: Windows 7 , 64 bit Build 7601 (6.1.7601.23807)

CPU:total 8 (initial active 8) (4 cores per cpu, 1 threads per core) family 6 model 26 stepping 4, cmov, cx8, fxsr, mmx, sse, sse2, sse3, ssse3, sse4.1, sse4.2, popcnt, tsc, tscinvbit, tscinv

Memory: 4k page, physical 16776628k(1476224k free), swap 67104652k(5684k free)

vm_info: Java HotSpot(TM) 64-Bit Server VM (25.144-b01) for windows-amd64 JRE (1.8.0_144-b01), built on Jul 21 2017 21:57:33 by "java_re" with MS VC++ 10.0 (VS2010)

time: Sat Nov 11 14:05:04 2017
elapsed time: 3 seconds (0d 0h 0m 3s)

